2020-12-17 11:20:22:  升级模式:
2020-12-17 11:21:40:  升级模式:
2020-12-17 11:46:23:  升级模式:
2020-12-17 11:47:25:  升级模式:
2020-12-17 11:47:50:  关于界面
2020-12-17 11:47:52:  升级模式:
2020-12-17 11:49:51:  升级模式:
2020-12-17 11:52:27:  关于界面
2020-12-17 11:52:28:  升级模式:
2020-12-17 14:07:34:  升级模式:
2020-12-17 14:07:37:  关于界面
2020-12-17 14:07:39:  升级模式:
2020-12-17 14:07:40:  关于界面
2020-12-17 14:07:42:  升级模式:
2020-12-17 14:08:28:  升级模式:
2020-12-17 14:08:30:  关于界面
2020-12-17 14:10:07:  升级模式:
2020-12-17 14:10:08:  关于界面
2020-12-17 14:12:05:  升级模式:
2020-12-17 14:12:06:  关于界面
2020-12-17 14:12:08:  升级模式:
2020-12-17 14:13:29:  升级模式:
2020-12-17 14:13:30:  设置模式:
2020-12-17 14:13:30:setCoordsEnabled enable Serial channel
2020-12-17 14:13:30:set successfully
2020-12-17 14:13:30:  设置 checked = true
2020-12-17 14:13:30:setCoordsEnabled enable USB channel
2020-12-17 14:13:30:set successfully
2020-12-17 14:13:31:  关于界面
2020-12-17 14:13:33:  升级模式:
2020-12-17 14:15:25:  升级模式:
2020-12-17 14:15:49:  升级模式:
2020-12-17 14:15:50:  关于界面
2020-12-17 14:15:52:  升级模式:
2020-12-17 14:16:24:  升级模式:
2020-12-17 14:16:28:  关于界面
2020-12-17 14:16:29:  升级模式:
2020-12-17 14:35:13:  升级模式:
2020-12-17 14:35:16:  关于界面
2020-12-17 14:35:18:  升级模式:
2020-12-17 14:38:19:  升级模式:
2020-12-17 14:38:38:  关于界面
2020-12-17 14:38:39:  升级模式:
2020-12-17 14:43:17:  升级模式:
2020-12-17 14:52:47:  升级模式:
2020-12-17 14:52:51:  关于界面
2020-12-17 14:52:53:  升级模式:
2020-12-17 14:54:11:  升级模式:
2020-12-17 14:59:44:  升级模式:
2020-12-17 15:00:57:  升级模式:
2020-12-17 15:04:43:  升级模式:
2020-12-17 15:10:07:  升级模式:
2020-12-17 15:10:09:  关于界面
2020-12-17 15:10:10:  升级模式:
2020-12-17 15:22:32:  升级模式:
2020-12-17 15:26:52:  升级模式:
2020-12-17 15:29:38:  升级模式:
2020-12-17 15:36:48:  升级模式:
2020-12-17 15:37:29:  关于界面
2020-12-17 15:37:30:  升级模式:
2020-12-17 15:43:55:  升级模式:
2020-12-17 16:08:11:  升级模式:
2020-12-17 16:08:14:  关于界面
2020-12-17 16:08:16:  升级模式:
2020-12-17 16:11:04:  升级模式:
2020-12-17 16:19:10:  升级模式:
2020-12-17 17:17:32:  升级模式:
2020-12-17 17:17:32:  测试模式:
2020-12-17 17:17:32:  升级模式:
2020-12-17 17:17:50:  关于界面
2020-12-17 17:17:51:  升级模式:
2020-12-17 17:17:53:  关于界面
2020-12-17 17:17:54:  升级模式:
2020-12-17 17:19:27:  升级模式:
2020-12-17 17:19:27:  测试模式:
2020-12-17 17:19:27:  升级模式:
2020-12-17 17:20:45:  关于界面
2020-12-17 17:20:47:  设置模式:
2020-12-17 17:20:47:setCoordsEnabled enable Serial channel
2020-12-17 17:20:47:set successfully
2020-12-17 17:20:47:  设置 checked = true
2020-12-17 17:20:47:setCoordsEnabled enable USB channel
2020-12-17 17:20:47:set successfully
2020-12-17 17:20:50:  升级模式:
2020-12-17 17:30:31:  关于界面
2020-12-17 17:31:15:  升级模式:
2020-12-17 17:34:16:  设置 checked = false
2020-12-17 17:34:16:setCoordsEnabled disenable USB channel
2020-12-17 17:34:16:setCoordsEnabled reply failed[0,0], require[3,2]
2020-12-17 17:34:16:setCoordsEnabled disenable Serial channel
2020-12-17 17:34:16:setCoordsEnabled sendPackage command error!!!
2020-12-17 17:34:32:setCoordsEnabled enable Serial channel
2020-12-17 17:34:32:set successfully
2020-12-17 17:34:32:  设置 checked = true
2020-12-17 17:34:32:setCoordsEnabled enable USB channel
2020-12-17 17:34:32:set successfully
2020-12-17 17:35:47:  升级模式:
2020-12-17 17:35:47:  测试模式:
2020-12-17 17:35:47:  升级模式:
2020-12-17 17:37:11:  关于界面
2020-12-17 17:37:17:  测试模式:
2020-12-17 17:37:20:  信号图模式:
2020-12-17 17:37:20:  usbStatus = 当前USB为打开状态
2020-12-17 17:37:20:disableCoords: disenable USB channel
2020-12-17 17:37:20:setCoordsEnabled disenable USB channel
2020-12-17 17:37:20:set successfully
2020-12-17 17:37:20:setCoordsEnabled disenable Serial channel
2020-12-17 17:37:20:set successfully
2020-12-17 17:37:25:  restoreCoords: 
2020-12-17 17:37:25:  usbStatus :设置USB状态为打开
2020-12-17 17:37:25:setCoordsEnabled enable USB channel
2020-12-17 17:37:25:set successfully
2020-12-17 17:37:25:setCoordsEnabled enable Serial channel
2020-12-17 17:37:25:set successfully
2020-12-17 17:37:25:  设置模式:
2020-12-17 17:37:25:setCoordsEnabled enable Serial channel
2020-12-17 17:37:25:set successfully
2020-12-17 17:37:25:  设置 checked = true
2020-12-17 17:37:25:setCoordsEnabled enable USB channel
2020-12-17 17:37:25:set successfully
2020-12-17 17:37:33:  升级模式:
2020-12-17 17:50:42:  restoreCoords: 
2020-12-17 17:50:42:  usbStatus :设置USB状态为打开
2020-12-17 17:50:42:setCoordsEnabled enable USB channel
2020-12-17 17:50:42:set successfully
2020-12-17 17:50:42:setCoordsEnabled enable Serial channel
2020-12-17 17:50:42:set successfully
2020-12-17 17:52:23:  升级模式:
2020-12-17 17:52:23:  测试模式:
2020-12-17 17:52:23:  升级模式:
2020-12-17 17:52:32:  关于界面
2020-12-17 17:52:34:  升级模式:
2020-12-17 17:52:41:  测试模式:
2020-12-17 17:52:41:doTest 测试过程中
2020-12-17 17:52:43:setCoordsEnabled disenable USB channel
2020-12-17 17:52:43:set successfully
2020-12-17 17:52:43:setCoordsEnabled disenable Serial channel
2020-12-17 17:52:43:set successfully
2020-12-17 17:52:46:setCoordsEnabled enable USB channel
2020-12-17 17:52:46:set successfully
2020-12-17 17:52:46:setCoordsEnabled enable Serial channel
2020-12-17 17:52:46:set successfully
2020-12-17 17:52:48:  关于界面
2020-12-17 17:52:53:  升级模式:
2020-12-17 18:03:58:  升级模式:
2020-12-17 18:03:58:  测试模式:
2020-12-17 18:03:58:  升级模式:
2020-12-17 18:15:38:  升级模式:
2020-12-17 18:15:38:  测试模式:
2020-12-17 18:15:38:  升级模式:
2020-12-17 19:08:52:  升级模式:
2020-12-17 19:08:52:  测试模式:
2020-12-17 19:08:52:  升级模式:
2020-12-17 19:08:54:  测试模式:
2020-12-17 19:08:55:doTest 测试过程中
2020-12-17 19:08:57:setCoordsEnabled disenable USB channel
2020-12-17 19:08:57:set successfully
2020-12-17 19:08:57:setCoordsEnabled disenable Serial channel
2020-12-17 19:08:57:set successfully
2020-12-17 19:13:51:setCoordsEnabled enable USB channel
2020-12-17 19:13:51:setCoordsEnabled sendPackage command error!!!
2020-12-17 19:13:51:setCoordsEnabled enable Serial channel
2020-12-17 19:13:51:setCoordsEnabled sendPackage command error!!!
2020-12-17 19:14:11:  升级模式:
2020-12-17 19:14:11:  测试模式:
2020-12-17 19:14:11:  升级模式:
2020-12-17 19:14:13:  测试模式:
2020-12-17 19:14:13:doTest 测试过程中
2020-12-17 19:14:15:setCoordsEnabled disenable USB channel
2020-12-17 19:14:15:set successfully
2020-12-17 19:14:15:setCoordsEnabled disenable Serial channel
2020-12-17 19:14:15:set successfully
2020-12-17 19:14:17:setCoordsEnabled disenable USB channel
2020-12-17 19:14:17:set successfully
2020-12-17 19:14:17:setCoordsEnabled disenable Serial channel
2020-12-17 19:14:17:set successfully
2020-12-17 19:14:19:  升级模式:
2020-12-17 19:36:14:  升级模式:
2020-12-17 19:36:14:  测试模式:
2020-12-17 19:36:14:  升级模式:
2020-12-17 19:37:42:  升级模式:
2020-12-17 19:37:42:  测试模式:
2020-12-17 19:37:42:  升级模式:
2020-12-17 19:42:59:  升级模式:
2020-12-17 19:43:04:  测试模式:
2020-12-17 19:43:05:doTest 测试过程中
2020-12-17 19:43:07:setCoordsEnabled disenable USB channel
2020-12-17 19:43:07:set successfully
2020-12-17 19:43:07:setCoordsEnabled disenable Serial channel
2020-12-17 19:43:07:set successfully
2020-12-17 19:43:09:setCoordsEnabled enable USB channel
2020-12-17 19:43:09:set successfully
2020-12-17 19:43:09:setCoordsEnabled enable Serial channel
2020-12-17 19:43:09:set successfully
2020-12-17 19:51:07:  升级模式:
2020-12-17 19:52:55:  升级模式:
2020-12-17 19:53:55:  升级模式:
2020-12-17 19:53:57:  测试模式:
2020-12-17 19:54:00:  升级模式:
2020-12-17 20:14:36:  升级模式:
2020-12-17 20:47:17:  升级模式:
2020-12-17 21:02:37:  升级模式:
2020-12-17 21:22:11:  升级模式:
2020-12-17 21:22:12:  关于界面
2020-12-17 21:28:13:  升级模式:
2020-12-17 21:28:14:  关于界面
2020-12-17 21:28:16:  升级模式:
2020-12-17 21:30:31:  升级模式:
2020-12-17 21:30:32:  关于界面
2020-12-17 21:30:35:  升级模式:
2020-12-17 21:30:36:  关于界面
2020-12-17 21:31:46:  升级模式:
2020-12-17 21:31:47:  设置模式:
2020-12-17 21:31:49:  关于界面
2020-12-17 21:38:41:  升级模式:
2020-12-17 21:39:10:  关于界面
2020-12-17 21:39:12:  升级模式:
2020-12-17 21:39:13:  测试模式:
2020-12-17 21:39:15:  信号图模式:
2020-12-17 21:39:15:  usbStatus = 当前USB为打开状态
2020-12-17 21:39:15:disableCoords: disenable USB channel
2020-12-17 21:39:15:setCoordsEnabled disenable USB channel
2020-12-17 21:39:15:setCoordsEnabled sendPackage command error!!!
2020-12-17 21:39:15:setCoordsEnabled disenable Serial channel
2020-12-17 21:39:15:setCoordsEnabled sendPackage command error!!!
2020-12-17 21:39:19:  usbStatus = 当前USB为打开状态
2020-12-17 21:39:19:disableCoords: disenable USB channel
2020-12-17 21:39:19:setCoordsEnabled disenable USB channel
2020-12-17 21:39:19:set successfully
2020-12-17 21:39:19:setCoordsEnabled disenable Serial channel
2020-12-17 21:39:19:set successfully
2020-12-17 21:39:20:  usbStatus = 当前USB为关闭状态
2020-12-17 21:39:20:disableCoords: disenable USB channel
2020-12-17 21:39:20:setCoordsEnabled disenable USB channel
2020-12-17 21:39:20:set successfully
2020-12-17 21:39:20:setCoordsEnabled disenable Serial channel
2020-12-17 21:39:20:set successfully
2020-12-17 21:39:20:  restoreCoords: 
2020-12-17 21:39:20:  usbStatus:设置USB状态为关闭
2020-12-17 21:39:20:setCoordsEnabled disenable USB channel
2020-12-17 21:39:20:set successfully
2020-12-17 21:39:20:setCoordsEnabled disenable Serial channel
2020-12-17 21:39:20:set successfully
2020-12-17 21:39:20:  关于界面
2020-12-17 21:39:28:  升级模式:
2020-12-17 21:39:29:  关于界面
2020-12-17 21:39:31:  升级模式:
2020-12-17 21:39:40:  关于界面
2020-12-17 21:39:47:  升级模式:
2020-12-17 21:39:48:  关于界面
2020-12-17 21:39:50:  升级模式:
2020-12-17 21:39:51:  关于界面
2020-12-17 21:39:53:  升级模式:
2020-12-17 21:39:54:  关于界面
2020-12-17 21:40:09:  升级模式:
2020-12-17 21:40:10:  关于界面
2020-12-17 21:40:12:  升级模式:
2020-12-17 21:40:13:  关于界面
2020-12-17 21:40:14:  测试模式:
2020-12-17 21:40:15:  关于界面
2020-12-17 21:40:18:  全屏画图模式：
2020-12-17 21:40:18:  升级模式:
2020-12-17 21:40:18:  全屏画图模式：
2020-12-17 21:40:18:  关于界面
2020-12-17 21:40:22:  restoreCoords: 
2020-12-17 21:40:22:  usbStatus:设置USB状态为关闭
2020-12-17 21:40:22:setCoordsEnabled disenable USB channel
2020-12-17 21:40:22:set successfully
2020-12-17 21:40:22:setCoordsEnabled disenable Serial channel
2020-12-17 21:40:22:set successfully
2020-12-17 21:46:24:  升级模式:
2020-12-17 21:46:26:  关于界面
2020-12-17 21:48:27:  升级模式:
2020-12-17 21:48:29:  关于界面
2020-12-17 21:49:11:  升级模式:
2020-12-17 21:49:13:  测试模式:
2020-12-17 21:49:14:doTest 测试过程中
2020-12-17 21:49:16:setCoordsEnabled disenable USB channel
2020-12-17 21:49:16:set successfully
2020-12-17 21:49:16:setCoordsEnabled disenable Serial channel
2020-12-17 21:49:16:set successfully
2020-12-17 21:49:18:setCoordsEnabled enable USB channel
2020-12-17 21:49:18:set successfully
2020-12-17 21:49:18:setCoordsEnabled enable Serial channel
2020-12-17 21:49:18:set successfully
2020-12-17 21:49:21:  关于界面
2020-12-17 21:49:23:  升级模式:
2020-12-17 21:50:32:  测试模式:
2020-12-17 21:50:34:doTest 测试过程中
2020-12-17 21:50:36:setCoordsEnabled disenable USB channel
2020-12-17 21:50:36:set successfully
2020-12-17 21:50:36:setCoordsEnabled disenable Serial channel
2020-12-17 21:50:36:set successfully
2020-12-17 21:50:39:setCoordsEnabled enable USB channel
2020-12-17 21:50:39:set successfully
2020-12-17 21:50:39:setCoordsEnabled enable Serial channel
2020-12-17 21:50:39:set successfully
2020-12-17 21:53:28:  升级模式:
2020-12-17 21:54:05:  升级模式:
2020-12-18 08:50:05:  升级模式:
2020-12-18 08:59:18:  升级模式:
2020-12-18 08:59:21:  关于界面
2020-12-18 08:59:24:  升级模式:
2020-12-18 08:59:53:  升级模式:
2020-12-18 08:59:55:  测试模式:
2020-12-18 08:59:56:doTest 测试过程中
2020-12-18 08:59:58:setCoordsEnabled disenable USB channel
2020-12-18 08:59:58:set successfully
2020-12-18 08:59:58:setCoordsEnabled disenable Serial channel
2020-12-18 08:59:58:set successfully
2020-12-18 09:00:01:setCoordsEnabled enable USB channel
2020-12-18 09:00:01:set successfully
2020-12-18 09:00:01:setCoordsEnabled enable Serial channel
2020-12-18 09:00:01:set successfully
2020-12-18 09:00:30:  关于界面
2020-12-18 09:00:31:  升级模式:
2020-12-18 09:01:17:  测试模式:
2020-12-18 09:01:18:doTest 测试过程中
2020-12-18 09:01:20:setCoordsEnabled disenable USB channel
2020-12-18 09:01:20:set successfully
2020-12-18 09:01:20:setCoordsEnabled disenable Serial channel
2020-12-18 09:01:20:set successfully
2020-12-18 09:01:22:setCoordsEnabled enable USB channel
2020-12-18 09:01:22:set successfully
2020-12-18 09:01:22:setCoordsEnabled enable Serial channel
2020-12-18 09:01:22:set successfully
2020-12-18 09:01:24:  升级模式:
2020-12-18 09:06:14:  升级模式:
2020-12-18 09:08:39:  升级模式:
2020-12-18 09:09:43:  升级模式:
2020-12-18 09:10:37:  升级模式:
2020-12-18 11:58:20:  升级模式:
2020-12-18 12:40:09:  升级模式:
2020-12-18 12:50:56:  升级模式:
2020-12-18 12:51:10:  测试模式:
2020-12-18 12:51:14:  设置模式:
2020-12-18 12:51:14:setCoordsEnabled enable Serial channel
2020-12-18 12:51:14:set successfully
2020-12-18 12:51:14:  设置 checked = true
2020-12-18 12:51:14:setCoordsEnabled enable USB channel
2020-12-18 12:51:14:set successfully
2020-12-18 12:51:14:setCoordsEnabled disenable Serial channel
2020-12-18 12:51:14:set successfully
2020-12-18 12:51:14:setCoordsEnabled disenable USB channel
2020-12-18 12:51:14:set successfully
2020-12-18 12:51:21:退出校准模式:
2020-12-18 12:51:21:setCoordsEnabled enable Serial channel
2020-12-18 12:51:21:set successfully
2020-12-18 12:51:21:setCoordsEnabled enable USB channel
2020-12-18 12:51:21:set successfully
2020-12-18 12:51:25:setCoordsEnabled disenable Serial channel
2020-12-18 12:51:25:set successfully
2020-12-18 12:51:25:setCoordsEnabled disenable USB channel
2020-12-18 12:51:25:set successfully
2020-12-18 12:51:45:  升级模式:
2020-12-18 12:51:49:  设置模式:
2020-12-18 12:51:49:setCoordsEnabled enable Serial channel
2020-12-18 12:51:49:set successfully
2020-12-18 12:51:49:  设置 checked = true
2020-12-18 12:51:49:setCoordsEnabled enable USB channel
2020-12-18 12:51:49:set successfully
2020-12-18 12:51:49:  设置 checked = false
2020-12-18 12:51:49:setCoordsEnabled disenable USB channel
2020-12-18 12:51:49:set successfully
2020-12-18 12:51:49:setCoordsEnabled disenable Serial channel
2020-12-18 12:51:49:set successfully
2020-12-18 12:51:52:  升级模式:
2020-12-18 12:51:54:  设置模式:
2020-12-18 12:51:54:setCoordsEnabled enable Serial channel
2020-12-18 12:51:54:set successfully
2020-12-18 12:51:54:  设置 checked = true
2020-12-18 12:51:54:setCoordsEnabled enable USB channel
2020-12-18 12:51:54:set successfully
2020-12-18 12:51:54:  设置 checked = false
2020-12-18 12:51:54:setCoordsEnabled disenable USB channel
2020-12-18 12:51:54:set successfully
2020-12-18 12:51:54:setCoordsEnabled disenable Serial channel
2020-12-18 12:51:54:set successfully
2020-12-18 12:52:03:  关于界面
2020-12-18 12:52:08:  设置模式:
2020-12-18 12:52:08:setCoordsEnabled enable Serial channel
2020-12-18 12:52:08:set successfully
2020-12-18 12:52:08:  设置 checked = true
2020-12-18 12:52:08:setCoordsEnabled enable USB channel
2020-12-18 12:52:08:set successfully
2020-12-18 12:52:08:  设置 checked = false
2020-12-18 12:52:08:setCoordsEnabled disenable USB channel
2020-12-18 12:52:08:set successfully
2020-12-18 12:52:08:setCoordsEnabled disenable Serial channel
2020-12-18 12:52:08:set successfully
2020-12-18 12:52:13:  设置 checked = true
2020-12-18 12:52:13:setCoordsEnabled enable USB channel
2020-12-18 12:52:13:set successfully
2020-12-18 12:52:14:setCoordsEnabled enable Serial channel
2020-12-18 12:52:14:set successfully
2020-12-18 12:52:19:  升级模式:
2020-12-18 12:52:22:  设置模式:
2020-12-18 12:52:30:  设置 checked = false
2020-12-18 12:52:30:setCoordsEnabled disenable USB channel
2020-12-18 12:52:30:set successfully
2020-12-18 12:52:31:setCoordsEnabled disenable Serial channel
2020-12-18 12:52:31:set successfully
2020-12-18 12:52:32:  设置 checked = true
2020-12-18 12:52:32:setCoordsEnabled enable USB channel
2020-12-18 12:52:32:set successfully
2020-12-18 12:52:32:setCoordsEnabled enable Serial channel
2020-12-18 12:52:32:set successfully
2020-12-18 12:52:44:  升级模式:
2020-12-18 12:52:57:  设置模式:
2020-12-18 12:52:57:setCoordsEnabled enable Serial channel
2020-12-18 12:52:57:set successfully
2020-12-18 12:52:57:  设置 checked = true
2020-12-18 12:52:57:setCoordsEnabled enable USB channel
2020-12-18 12:52:57:set successfully
2020-12-18 13:58:00:  关于界面
2020-12-18 14:06:38:  升级模式:
2020-12-18 14:09:55:  升级模式:
2020-12-18 14:09:58:  测试模式:
2020-12-18 14:10:14:  设置模式:
2020-12-18 14:10:14:setCoordsEnabled enable Serial channel
2020-12-18 14:10:14:set successfully
2020-12-18 14:10:14:  设置 checked = true
2020-12-18 14:10:14:setCoordsEnabled enable USB channel
2020-12-18 14:10:14:set successfully
2020-12-18 14:10:16:  关于界面
2020-12-18 14:12:27:  升级模式:
2020-12-18 14:16:55:  设置模式:
2020-12-18 14:16:55:setCoordsEnabled enable Serial channel
2020-12-18 14:16:55:set successfully
2020-12-18 14:16:55:  设置 checked = true
2020-12-18 14:16:55:setCoordsEnabled enable USB channel
2020-12-18 14:16:55:set successfully
2020-12-18 14:16:56:  升级模式:
2020-12-18 14:18:32:  设置模式:
2020-12-18 14:18:34:  升级模式:
2020-12-18 14:18:35:  设置模式:
2020-12-18 14:18:37:  升级模式:
2020-12-18 15:01:32:  升级模式:
2020-12-18 15:01:34:  设置模式:
2020-12-18 15:01:34:setCoordsEnabled enable Serial channel
2020-12-18 15:01:34:set successfully
2020-12-18 15:01:34:  设置 checked = true
2020-12-18 15:01:34:setCoordsEnabled enable USB channel
2020-12-18 15:01:34:set successfully
2020-12-18 15:02:17:  升级模式:
2020-12-18 15:02:22:  设置模式:
2020-12-18 15:02:45:  升级模式:
2020-12-18 15:07:58:  升级模式:
2020-12-18 15:08:00:  设置模式:
2020-12-18 15:08:01:setCoordsEnabled enable Serial channel
2020-12-18 15:08:01:set successfully
2020-12-18 15:08:01:  设置 checked = true
2020-12-18 15:08:01:setCoordsEnabled enable USB channel
2020-12-18 15:08:01:set successfully
2020-12-18 15:08:15:setCoordsEnabled disenable Serial channel
2020-12-18 15:08:15:set successfully
2020-12-18 15:08:15:setCoordsEnabled disenable USB channel
2020-12-18 15:08:15:set successfully
2020-12-18 15:08:20:退出校准模式:
2020-12-18 15:08:20:setCoordsEnabled enable Serial channel
2020-12-18 15:08:20:set successfully
2020-12-18 15:08:20:setCoordsEnabled enable USB channel
2020-12-18 15:08:20:set successfully
2020-12-18 15:08:49:  设置 checked = false
2020-12-18 15:08:49:setCoordsEnabled disenable USB channel
2020-12-18 15:08:49:set successfully
2020-12-18 15:08:49:  设置 checked = true
2020-12-18 15:08:49:setCoordsEnabled enable USB channel
2020-12-18 15:08:49:set successfully
2020-12-18 15:08:50:  设置 checked = false
2020-12-18 15:08:50:setCoordsEnabled disenable USB channel
2020-12-18 15:08:50:set successfully
2020-12-18 15:08:51:  设置 checked = true
2020-12-18 15:08:51:setCoordsEnabled enable USB channel
2020-12-18 15:08:51:set successfully
2020-12-18 15:08:53:setCoordsEnabled disenable Serial channel
2020-12-18 15:08:53:set successfully
2020-12-18 15:08:54:setCoordsEnabled enable Serial channel
2020-12-18 15:08:54:set successfully
2020-12-18 15:09:09:setCoordsEnabled disenable Serial channel
2020-12-18 15:09:09:set successfully
2020-12-18 15:09:09:setCoordsEnabled disenable USB channel
2020-12-18 15:09:09:set successfully
2020-12-18 15:09:16:退出校准模式:
2020-12-18 15:09:16:setCoordsEnabled enable Serial channel
2020-12-18 15:09:16:set successfully
2020-12-18 15:09:16:setCoordsEnabled enable USB channel
2020-12-18 15:09:16:set successfully
2020-12-18 15:09:19:  关于界面
2020-12-18 15:09:25:  设置模式:
2020-12-18 15:09:29:  升级模式:
2020-12-18 15:09:30:  测试模式:
2020-12-18 15:09:31:  信号图模式:
2020-12-18 15:09:32:  usbStatus = 当前USB为打开状态
2020-12-18 15:09:32:disableCoords: disenable USB channel
2020-12-18 15:09:32:setCoordsEnabled disenable USB channel
2020-12-18 15:09:32:set successfully
2020-12-18 15:09:32:setCoordsEnabled disenable Serial channel
2020-12-18 15:09:32:set successfully
2020-12-18 15:09:33:  restoreCoords: 
2020-12-18 15:09:33:  usbStatus :设置USB状态为打开
2020-12-18 15:09:33:setCoordsEnabled enable USB channel
2020-12-18 15:09:33:set successfully
2020-12-18 15:09:33:setCoordsEnabled enable Serial channel
2020-12-18 15:09:33:set successfully
2020-12-18 15:09:33:开始加速老化 itemIndex = 0
2020-12-18 15:09:33:setCoordsEnabled disenable Serial channel
2020-12-18 15:09:33:set successfully
2020-12-18 15:09:33:setCoordsEnabled disenable USB channel
2020-12-18 15:09:33:set successfully
2020-12-18 15:09:34:停止加速老化 itemIndex = 0
2020-12-18 15:09:34:setCoordsEnabled enable Serial channel
2020-12-18 15:09:34:set successfully
2020-12-18 15:09:34:setCoordsEnabled enable USB channel
2020-12-18 15:09:34:set successfully
2020-12-18 15:09:34:  全屏画图模式：
2020-12-18 15:09:34:  升级模式:
2020-12-18 15:09:34:  全屏画图模式：
2020-12-18 15:09:37:  设置模式:
2020-12-18 15:09:38:  关于界面
2020-12-18 15:09:40:  设置模式:
2020-12-18 15:10:29:  升级模式:
2020-12-18 15:48:46:  升级模式:
2020-12-18 15:50:31:  升级模式:
2020-12-18 15:58:23:  升级模式:
2020-12-18 15:58:29:  测试模式:
2020-12-18 15:58:30:  升级模式:
2020-12-18 16:04:27:  升级模式:
2020-12-18 16:04:29:  设置模式:
2020-12-18 16:04:29:setCoordsEnabled enable Serial channel
2020-12-18 16:04:29:set successfully
2020-12-18 16:04:29:  设置 checked = true
2020-12-18 16:04:29:setCoordsEnabled enable USB channel
2020-12-18 16:04:29:set successfully
2020-12-18 16:06:06:  升级模式:
2020-12-18 16:06:07:  设置模式:
2020-12-18 16:06:07:setCoordsEnabled enable Serial channel
2020-12-18 16:06:07:set successfully
2020-12-18 16:06:07:  设置 checked = true
2020-12-18 16:06:07:setCoordsEnabled enable USB channel
2020-12-18 16:06:07:set successfully
2020-12-18 16:07:43:  关于界面
2020-12-18 16:07:44:  设置模式:
2020-12-18 16:08:03:  关于界面
2020-12-18 16:08:05:  升级模式:
2020-12-18 16:08:06:  测试模式:
2020-12-18 16:14:38:  升级模式:
2020-12-18 16:30:00:  升级模式:
2020-12-18 16:31:06:  升级模式:
2020-12-18 16:32:06:  升级模式:
2020-12-18 16:32:13:  全屏画图模式：
2020-12-18 16:32:13:  升级模式:
2020-12-18 16:32:13:  全屏画图模式：
2020-12-18 16:32:17:  测试模式:
2020-12-18 16:32:17:  信号图模式:
2020-12-18 16:32:18:  usbStatus = 当前USB为打开状态
2020-12-18 16:32:18:disableCoords: disenable USB channel
2020-12-18 16:32:18:setCoordsEnabled disenable USB channel
2020-12-18 16:32:18:set successfully
2020-12-18 16:32:18:setCoordsEnabled disenable Serial channel
2020-12-18 16:32:18:set successfully
2020-12-18 16:32:20:  restoreCoords: 
2020-12-18 16:32:20:  usbStatus :设置USB状态为打开
2020-12-18 16:32:20:setCoordsEnabled enable USB channel
2020-12-18 16:32:20:set successfully
2020-12-18 16:32:20:setCoordsEnabled enable Serial channel
2020-12-18 16:32:20:set successfully
2020-12-18 16:32:20:开始加速老化 itemIndex = 0
2020-12-18 16:32:20:setCoordsEnabled disenable Serial channel
2020-12-18 16:32:20:set successfully
2020-12-18 16:32:20:setCoordsEnabled disenable USB channel
2020-12-18 16:32:20:set successfully
2020-12-18 16:32:22:停止加速老化 itemIndex = 0
2020-12-18 16:32:22:setCoordsEnabled enable Serial channel
2020-12-18 16:32:22:set successfully
2020-12-18 16:32:22:setCoordsEnabled enable USB channel
2020-12-18 16:32:22:set successfully
2020-12-18 16:32:22:  全屏画图模式：
2020-12-18 16:32:22:  升级模式:
2020-12-18 16:32:22:  全屏画图模式：
2020-12-18 16:32:24:  设置模式:
2020-12-18 16:32:24:setCoordsEnabled enable Serial channel
2020-12-18 16:32:24:set successfully
2020-12-18 16:32:24:  设置 checked = true
2020-12-18 16:32:24:setCoordsEnabled enable USB channel
2020-12-18 16:32:24:set successfully
2020-12-18 16:32:30:  关于界面
2020-12-18 16:32:31:  升级模式:
2020-12-18 16:33:19:  升级模式:
2020-12-18 16:33:22:  关于界面
2020-12-18 16:33:23:  设置模式:
2020-12-18 16:33:23:setCoordsEnabled enable Serial channel
2020-12-18 16:33:23:set successfully
2020-12-18 16:33:23:  设置 checked = true
2020-12-18 16:33:23:setCoordsEnabled enable USB channel
2020-12-18 16:33:23:set successfully
2020-12-18 16:33:24:  全屏画图模式：
2020-12-18 16:33:24:  升级模式:
2020-12-18 16:33:24:  全屏画图模式：
2020-12-18 16:33:24:开始加速老化 itemIndex = 0
2020-12-18 16:33:24:setCoordsEnabled disenable Serial channel
2020-12-18 16:33:24:set successfully
2020-12-18 16:33:24:setCoordsEnabled disenable USB channel
2020-12-18 16:33:25:set successfully
2020-12-18 16:33:25:  信号图模式:
2020-12-18 16:33:25:  usbStatus = 当前USB为关闭状态
2020-12-18 16:33:25:disableCoords: disenable USB channel
2020-12-18 16:33:25:setCoordsEnabled disenable USB channel
2020-12-18 16:33:25:set successfully
2020-12-18 16:33:25:setCoordsEnabled disenable Serial channel
2020-12-18 16:33:25:set successfully
2020-12-18 16:33:25:停止加速老化 itemIndex = 0
2020-12-18 16:33:25:setCoordsEnabled enable Serial channel
2020-12-18 16:33:25:set successfully
2020-12-18 16:33:25:setCoordsEnabled enable USB channel
2020-12-18 16:33:25:set successfully
2020-12-18 16:33:26:  测试模式:
2020-12-18 16:33:26:  restoreCoords: 
2020-12-18 16:33:26:  usbStatus:设置USB状态为关闭
2020-12-18 16:33:26:setCoordsEnabled disenable USB channel
2020-12-18 16:33:26:set successfully
2020-12-18 16:33:26:setCoordsEnabled disenable Serial channel
2020-12-18 16:33:26:set successfully
2020-12-18 16:33:27:  升级模式:
2020-12-18 16:35:08:  升级模式:
2020-12-18 16:35:11:  关于界面
2020-12-18 16:35:13:  升级模式:
